SF:lib/counter.dart
DA:10,5
DA:11,10
DA:13,5
DA:16,4
DA:17,8
DA:19,4
LF:6
LH:6
end_of_record
SF:lib/anti_counter.dart
DA:11,4
DA:17,4
DA:18,12
LF:3
LH:3
end_of_record
SF:lib/main.dart
DA:6,0
DA:8,0
DA:13,3
DA:18,3
DA:19,3
DA:26,3
DA:30,6
DA:36,3
DA:37,3
DA:38,3
DA:41,3
DA:43,3
DA:46,3
DA:55,3
DA:57,3
DA:59,3
DA:60,3
DA:61,6
DA:63,3
DA:64,3
DA:66,3
DA:67,3
DA:69,3
DA:70,3
DA:77,3
DA:78,6
DA:79,6
DA:80,3
DA:81,9
DA:86,3
DA:87,3
DA:88,3
DA:91,3
DA:92,6
DA:93,6
DA:94,3
DA:95,9
DA:103,3
DA:105,3
DA:106,3
DA:116,3
DA:117,0
DA:118,0
DA:120,3
DA:122,3
DA:123,3
DA:124,1
DA:125,2
DA:127,3
LF:49
LH:45
end_of_record
